<?xml version="1.0" encoding="UTF-8"?>
<!-- Generated by org.testng.reporters.JUnitXMLReporter -->
<testsuite hostname="DESKTOP-15SKAOS" name="test12" tests="4" failures="0" timestamp="16 Jul 2020 11:43:54 GMT" time="6.134" errors="0">
  <testcase name="m1" time="0.399" classname="com.ProductTests.Dataprovider"/>
  <testcase name="m1" time="0.369" classname="com.ProductTests.Dataprovider"/>
  <testcase name="m1" time="0.334" classname="com.ProductTests.Dataprovider"/>
  <testcase name="m1" time="0.436" classname="com.ProductTests.Dataprovider"/>
</testsuite> <!-- test12 -->
