<?xml version="1.0" encoding="UTF-8"?>
<!-- Generated by org.testng.reporters.JUnitXMLReporter -->
<testsuite hostname="DESKTOP-15SKAOS" name="test12" tests="4" failures="0" timestamp="16 Jul 2020 09:59:16 GMT" time="7.325" errors="0">
  <testcase name="m1" time="0.543" classname="com.ProductTests.Dataprovider"/>
  <testcase name="m1" time="0.389" classname="com.ProductTests.Dataprovider"/>
  <testcase name="m1" time="0.388" classname="com.ProductTests.Dataprovider"/>
  <testcase name="m1" time="0.361" classname="com.ProductTests.Dataprovider"/>
</testsuite> <!-- test12 -->
