<?xml version="1.0" encoding="UTF-8"?>
<testng-results skipped="0" failed="0" total="5" passed="5">
  <reporter-output>
  </reporter-output>
  <suite name="Sanity Suite1" duration-ms="6134" started-at="2020-07-16T11:43:48Z" finished-at="2020-07-16T11:43:54Z">
    <groups>
    </groups>
    <test name="test12" duration-ms="6134" started-at="2020-07-16T11:43:48Z" finished-at="2020-07-16T11:43:54Z">
      <class name="com.ProductTests.Dataprovider">
        <test-method status="PASS" signature="setup()[pri:0, instance:com.ProductTests.Dataprovider@13969fbe]" name="setup" is-config="true" duration-ms="3754" started-at="2020-07-16T17:13:48Z" finished-at="2020-07-16T17:13:51Z">
          <reporter-output>
          </reporter-output>
        </test-method> <!-- setup -->
        <test-method status="PASS" signature="m1(java.lang.String, java.lang.String, java.lang.String, java.lang.String)[pri:0, instance:com.ProductTests.Dataprovider@13969fbe]" name="m1" duration-ms="399" started-at="2020-07-16T17:13:52Z" data-provider="DP1" finished-at="2020-07-16T17:13:52Z">
          <params>
            <param index="0">
              <value>
                <![CDATA[Name]]>
              </value>
            </param>
            <param index="1">
              <value>
                <![CDATA[Email Id]]>
              </value>
            </param>
            <param index="2">
              <value>
                <![CDATA[Password]]>
              </value>
            </param>
            <param index="3">
              <value>
                <![CDATA[Mobile]]>
              </value>
            </param>
          </params>
          <reporter-output>
          </reporter-output>
        </test-method> <!-- m1 -->
        <test-method status="PASS" signature="m1(java.lang.String, java.lang.String, java.lang.String, java.lang.String)[pri:0, instance:com.ProductTests.Dataprovider@13969fbe]" name="m1" duration-ms="369" started-at="2020-07-16T17:13:52Z" data-provider="DP1" finished-at="2020-07-16T17:13:52Z">
          <params>
            <param index="0">
              <value>
                <![CDATA[Radha]]>
              </value>
            </param>
            <param index="1">
              <value>
                <![CDATA[Radha@gmail.com]]>
              </value>
            </param>
            <param index="2">
              <value>
                <![CDATA[2345689]]>
              </value>
            </param>
            <param index="3">
              <value>
                <![CDATA[123456789]]>
              </value>
            </param>
          </params>
          <reporter-output>
          </reporter-output>
        </test-method> <!-- m1 -->
        <test-method status="PASS" signature="m1(java.lang.String, java.lang.String, java.lang.String, java.lang.String)[pri:0, instance:com.ProductTests.Dataprovider@13969fbe]" name="m1" duration-ms="334" started-at="2020-07-16T17:13:52Z" data-provider="DP1" finished-at="2020-07-16T17:13:53Z">
          <params>
            <param index="0">
              <value>
                <![CDATA[Jaiden]]>
              </value>
            </param>
            <param index="1">
              <value>
                <![CDATA[jaiden@gmail.com]]>
              </value>
            </param>
            <param index="2">
              <value>
                <![CDATA[76879804]]>
              </value>
            </param>
            <param index="3">
              <value>
                <![CDATA[657843289]]>
              </value>
            </param>
          </params>
          <reporter-output>
          </reporter-output>
        </test-method> <!-- m1 -->
        <test-method status="PASS" signature="m1(java.lang.String, java.lang.String, java.lang.String, java.lang.String)[pri:0, instance:com.ProductTests.Dataprovider@13969fbe]" name="m1" duration-ms="436" started-at="2020-07-16T17:13:53Z" data-provider="DP1" finished-at="2020-07-16T17:13:53Z">
          <params>
            <param index="0">
              <value>
                <![CDATA[gautam]]>
              </value>
            </param>
            <param index="1">
              <value>
                <![CDATA[gautam@gmail.com]]>
              </value>
            </param>
            <param index="2">
              <value>
                <![CDATA[8563436]]>
              </value>
            </param>
            <param index="3">
              <value>
                <![CDATA[345681265]]>
              </value>
            </param>
          </params>
          <reporter-output>
          </reporter-output>
        </test-method> <!-- m1 -->
        <test-method status="PASS" signature="teardown()[pri:0, instance:com.ProductTests.Dataprovider@13969fbe]" name="teardown" is-config="true" duration-ms="641" started-at="2020-07-16T17:13:53Z" finished-at="2020-07-16T17:13:54Z">
          <reporter-output>
          </reporter-output>
        </test-method> <!-- teardown -->
      </class> <!-- com.ProductTests.Dataprovider -->
    </test> <!-- test12 -->
  </suite> <!-- Sanity Suite1 -->
  <suite name="Sanity Suite" duration-ms="5418" started-at="2020-07-16T11:43:42Z" finished-at="2020-07-16T11:43:48Z">
    <groups>
    </groups>
    <test name="test1" duration-ms="5418" started-at="2020-07-16T11:43:42Z" finished-at="2020-07-16T11:43:48Z">
      <class name="com.ProductTests.MenupageTest">
        <test-method status="PASS" signature="setup()[pri:0, instance:com.ProductTests.MenupageTest@19dfb72a]" name="setup" is-config="true" duration-ms="4577" started-at="2020-07-16T17:13:42Z" finished-at="2020-07-16T17:13:47Z">
          <reporter-output>
          </reporter-output>
        </test-method> <!-- setup -->
        <test-method status="PASS" signature="validateAboutus()[pri:0, instance:com.ProductTests.MenupageTest@19dfb72a]" name="validateAboutus" duration-ms="199" started-at="2020-07-16T17:13:47Z" finished-at="2020-07-16T17:13:47Z">
          <reporter-output>
          </reporter-output>
        </test-method> <!-- validateAboutus -->
        <test-method status="PASS" signature="teardown()[pri:0, instance:com.ProductTests.MenupageTest@19dfb72a]" name="teardown" is-config="true" duration-ms="628" started-at="2020-07-16T17:13:47Z" finished-at="2020-07-16T17:13:48Z">
          <reporter-output>
          </reporter-output>
        </test-method> <!-- teardown -->
      </class> <!-- com.ProductTests.MenupageTest -->
    </test> <!-- test1 -->
  </suite> <!-- Sanity Suite -->
</testng-results>
