<?xml version="1.0" encoding="UTF-8"?>
<testsuite xmlns:xsi="http://www.w3.org/2001/XMLSchema-instance" xsi:schemaLocation="https://maven.apache.org/surefire/maven-surefire-plugin/xsd/surefire-test-report.xsd" name="TestSuite" time="12.251" tests="5" errors="0" skipped="0" failures="0">
  <properties>
[...]
</properties>
  <testcase name="validateAboutus" classname="com.ProductTests.MenupageTest" time="0.199"/>
  <testcase name="m1" classname="com.ProductTests.Dataprovider" time="0.399"/>
  <testcase name="m1" classname="com.ProductTests.Dataprovider" time="0.369"/>
  <testcase name="m1" classname="com.ProductTests.Dataprovider" time="0.334"/>
  <testcase name="m1" classname="com.ProductTests.Dataprovider" time="0.437"/>
</testsuite>